<?xml version="1.0" encoding="UTF-8"?>
<!-- Generated by org.testng.reporters.JUnitReportReporter -->
<testsuite hostname="Ganesh_Mahure" failures="0" tests="1" name="com.Test.TC_gfp" time="127.342" errors="0" timestamp="2023-07-03T21:10:49 IST" skipped="0">
  <testcase classname="com.Test.TC_gfp" name="verify_gfp_journey" time="127.342"/>
  <system-out/>
</testsuite> <!-- com.Test.TC_gfp -->
