<?xml version="1.0" encoding="UTF-8"?>
<!-- Generated by org.testng.reporters.JUnitReportReporter -->
<testsuite hostname="inha-pbpd7473" failures="0" tests="2" name="com.Test.TC_gfp" time="224.334" errors="0" timestamp="2023-07-10T12:27:49 IST" skipped="0">
  <testcase classname="com.Test.TC_gfp" name="verify_gfp_journey" time="160.392"/>
  <system-out/>
  <testcase classname="com.Test.TC_gfp" name="verify_gfp_journey" time="63.942"/>
  <system-out/>
</testsuite> <!-- com.Test.TC_gfp -->
