<?xml version="1.0" encoding="UTF-8"?>
<!-- Generated by org.testng.reporters.JUnitReportReporter -->
<testsuite hostname="inha-pbpd7473" failures="0" tests="2" name="com.Test.TC_ytp_Check" time="290.891" errors="0" timestamp="2023-06-09T12:44:45 IST" skipped="0">
  <testcase classname="com.Test.TC_ytp_Check" name="verify_ytp_journey" time="159.232"/>
  <system-out/>
  <testcase classname="com.Test.TC_ytp_Check" name="verify_ytp_journey" time="131.659"/>
  <system-out/>
</testsuite> <!-- com.Test.TC_ytp_Check -->
