<?xml version="1.0" encoding="UTF-8"?>
<!-- Generated by org.testng.reporters.JUnitReportReporter -->
<testsuite hostname="inha-pbpd7473" failures="0" tests="1" name="com.Test.TC_ytp" time="237.570" errors="0" timestamp="2023-07-03T16:07:39 IST" skipped="0">
  <testcase classname="com.Test.TC_ytp" name="verify_ytp_journey" time="237.570"/>
  <system-out/>
</testsuite> <!-- com.Test.TC_ytp -->
