<?xml version="1.0" encoding="UTF-8"?>
<!-- Generated by org.testng.reporters.JUnitReportReporter -->
<testsuite hostname="inha-pbpd7473" failures="0" tests="2" name="com.Test.TC_ytp_Check" time="303.202" errors="0" timestamp="2023-06-09T12:17:01 IST" skipped="0">
  <testcase classname="com.Test.TC_ytp_Check" name="verify_ytp_journey" time="175.479"/>
  <system-out/>
  <testcase classname="com.Test.TC_ytp_Check" name="verify_ytp_journey" time="127.723"/>
  <system-out/>
</testsuite> <!-- com.Test.TC_ytp_Check -->
