<?xml version="1.0" encoding="UTF-8"?>
<!-- Generated by org.testng.reporters.JUnitReportReporter -->
<testsuite hostname="inha-pbpd7473" failures="0" tests="1" name="com.Test.TC_ytp_Check" time="119.878" errors="0" timestamp="2023-06-06T17:19:46 IST" skipped="0">
  <testcase classname="com.Test.TC_ytp_Check" name="verify_ytp_journey" time="119.878"/>
  <system-out/>
</testsuite> <!-- com.Test.TC_ytp_Check -->
