<?xml version="1.0" encoding="UTF-8"?>
<!-- Generated by org.testng.reporters.JUnitReportReporter -->
<testsuite hostname="inha-pbpd7473" failures="0" tests="1" name="com.Test.TC_ytp_Check" time="0.000" errors="0" timestamp="2023-06-12T17:04:57 IST" skipped="1">
  <testcase classname="com.Test.TC_ytp_Check" name="verify_ytp_journey" time="0.000">
    <skipped/>
  </testcase> <!-- verify_ytp_journey -->
  <system-out/>
</testsuite> <!-- com.Test.TC_ytp_Check -->
