<?xml version="1.0" encoding="UTF-8"?>
<!-- Generated by org.testng.reporters.JUnitReportReporter -->
<testsuite hostname="inha-pbpd7473" failures="0" tests="1" name="com.Test.TC_gfp" time="92.641" errors="0" timestamp="2023-07-04T17:28:30 IST" skipped="0">
  <testcase classname="com.Test.TC_gfp" name="verify_gfp_journey" time="92.641"/>
  <system-out/>
</testsuite> <!-- com.Test.TC_gfp -->
